The system is: Windows - 10.0.19041 - AMD64
Compiling the C compiler identification source file "CMakeCCompilerId.c" succeeded.
Compiler: C:/Program Files (x86)/mingw-w64/i686-8.1.0-posix-dwarf-rt_v6-rev0/mingw32/bin/gcc.exe 
Build flags: 
Id flags:  

The output was:
0


Compilation of the C compiler identification source "CMakeCCompilerId.c" produced "a.exe"

The C compiler identification is GNU, found in "C:/Users/Miso/Disk Google/MUNI/PB071/hw04/cmake-build-debug/CMakeFiles/3.17.5/CompilerIdC/a.exe"

Compiling the CXX compiler identification source file "CMakeCXXCompilerId.cpp" succeeded.
Compiler: C:/Program Files (x86)/mingw-w64/i686-8.1.0-posix-dwarf-rt_v6-rev0/mingw32/bin/g++.exe 
Build flags: 
Id flags:  

The output was:
0


Compilation of the CXX compiler identification source "CMakeCXXCompilerId.cpp" produced "a.exe"

The CXX compiler identification is GNU, found in "C:/Users/Miso/Disk Google/MUNI/PB071/hw04/cmake-build-debug/CMakeFiles/3.17.5/CompilerIdCXX/a.exe"

Determining if the C compiler works passed with the following output:
Change Dir: C:/Users/Miso/Disk Google/MUNI/PB071/hw04/cmake-build-debug/CMakeFiles/CMakeTmp

Run Build Command(s):C:/PROGRA~2/MINGW-~1/I686-8~1.0-P/mingw32/bin/mingw32-make.exe cmTC_b28aa/fast && C:/PROGRA~2/MINGW-~1/I686-8~1.0-P/mingw32/bin/mingw32-make.exe  -f CMakeFiles\cmTC_b28aa.dir\build.make CMakeFiles/cmTC_b28aa.dir/build
mingw32-make.exe[1]: Entering directory 'C:/Users/Miso/Disk Google/MUNI/PB071/hw04/cmake-build-debug/CMakeFiles/CMakeTmp'
Building C object CMakeFiles/cmTC_b28aa.dir/testCCompiler.c.obj
C:\PROGRA~2\MINGW-~1\I686-8~1.0-P\mingw32\bin\gcc.exe    -o CMakeFiles\cmTC_b28aa.dir\testCCompiler.c.obj   -c "C:\Users\Miso\Disk Google\MUNI\PB071\hw04\cmake-build-debug\CMakeFiles\CMakeTmp\testCCompiler.c"
Linking C executable cmTC_b28aa.exe
"C:\Program Files\JetBrains\CLion 2020.3.3\bin\cmake\win\bin\cmake.exe" -E cmake_link_script CMakeFiles\cmTC_b28aa.dir\link.txt --verbose=1
"C:\Program Files\JetBrains\CLion 2020.3.3\bin\cmake\win\bin\cmake.exe" -E rm -f CMakeFiles\cmTC_b28aa.dir/objects.a
C:\PROGRA~2\MINGW-~1\I686-8~1.0-P\mingw32\bin\ar.exe cr CMakeFiles\cmTC_b28aa.dir/objects.a @CMakeFiles\cmTC_b28aa.dir\objects1.rsp
C:\PROGRA~2\MINGW-~1\I686-8~1.0-P\mingw32\bin\gcc.exe      -Wl,--whole-archive CMakeFiles\cmTC_b28aa.dir/objects.a -Wl,--no-whole-archive  -o cmTC_b28aa.exe -Wl,--out-implib,libcmTC_b28aa.dll.a -Wl,--major-image-version,0,--minor-image-version,0 @CMakeFiles\cmTC_b28aa.dir\linklibs.rsp
mingw32-make.exe[1]: Leaving directory 'C:/Users/Miso/Disk Google/MUNI/PB071/hw04/cmake-build-debug/CMakeFiles/CMakeTmp'



